<?xml version="1.0" encoding="UTF-8" ?>
<testsuite errors="0" failures="0" hostname="host-131-114-214-164.m.unipi.it" name="org.netbeans.modules.compapp.catd.ConfiguredTest" tests="1" time="3.768" timestamp="2017-10-23T18:10:42">
  <properties>
[...]
</properties>
  <testcase classname="org.netbeans.modules.compapp.catd.ConfiguredTest" name="TestCase1" time="3.742" />
  <system-out><![CDATA[GenerateATSOutput=${generate.ats.output}
NetBeansUserDir=/Users/ale/Library/Application Support/OpenESB_IDE/2.3.1
ServerPassword=adminadmin
awt.toolkit=sun.lwawt.macosx.LWCToolkit
file.encoding=UTF-8
file.encoding.pkg=sun.io
file.separator=/
ftp.nonProxyHosts=local|*.local|169.254/16|*.169.254/16
gopherProxySet=false
http.nonProxyHosts=local|*.local|169.254/16|*.169.254/16
java.awt.graphicsenv=sun.awt.CGraphicsEnvironment
java.awt.headless=${java.awt.headless}
java.awt.printerjob=sun.lwawt.macosx.CPrinterJob
java.class.path=/Applications/netbeans.app/Contents/Resources/netbeans/soa/modules/org-netbeans-modules-compapp-manager-jbi.jar:/Applications/netbeans.app/Contents/Resources/netbeans/soa/modules/org-netbeans-modules-compapp-projects-jbi.jar:/Applications/netbeans.app/Contents/Resources/netbeans/soa/modules/ext/jbi-admin-common.jar:/Applications/netbeans.app/Contents/Resources/netbeans/soa/modules/ext/catd.jar:/Applications/netbeans.app/Contents/Resources/netbeans/java/modules/ext/junit-3.8.2.jar:/Applications/netbeans.app/Contents/Resources/netbeans/java/modules/ext/jaxws22/api/saaj-api.jar:/Applications/netbeans.app/Contents/Resources/netbeans/java/modules/ext/jaxws22/saaj-impl.jar:/Applications/netbeans.app/Contents/Resources/netbeans/java/modules/ext/jaxws22/FastInfoset.jar:/Applications/netbeans.app/Contents/Resources/netbeans/ide/modules/org-netbeans-modules-editor-lib.jar:/Applications/netbeans.app/Contents/Resources/netbeans/ide/modules/org-netbeans-modules-editor.jar:/Applications/netbeans.app/Contents/Resources/netbeans/ide/modules/org-netbeans-modules-editor-deprecated-pre65formatting.jar:/Applications/netbeans.app/Contents/Resources/netbeans/ide/modules/org-netbeans-modules-editor-util.jar:/Applications/netbeans.app/Contents/Resources/netbeans/ide/modules/org-netbeans-modules-editor-lib2.jar:/Applications/netbeans.app/Contents/Resources/netbeans/ide/modules/org-netbeans-modules-editor-indent.jar:/Applications/netbeans.app/Contents/Resources/netbeans/ide/modules/org-netbeans-modules-editor-plain.jar:/Applications/netbeans.app/Contents/Resources/netbeans/ide/modules/org-netbeans-modules-editor-plain-lib.jar:/Applications/netbeans.app/Contents/Resources/netbeans/ide/modules/org-netbeans-modules-editor-settings.jar:/Applications/netbeans.app/Contents/Resources/netbeans/ide/modules/org-netbeans-modules-editor-settings-storage.jar:/Applications/netbeans.app/Contents/Resources/netbeans/ide/modules/org-netbeans-modules-lexer.jar:/Applications/netbeans.app/Contents/Resources/netbeans/ide/modules/org-netbeans-modules-xml-core.jar:/Applications/netbeans.app/Contents/Resources/netbeans/ide/modules/org-netbeans-modules-xml-lexer.jar:/Applications/netbeans.app/Contents/Resources/netbeans/ide/modules/org-netbeans-modules-xml-text.jar:/Applications/netbeans.app/Contents/Resources/netbeans/ide/modules/org-netbeans-modules-xml-xdm.jar:/Applications/netbeans.app/Contents/Resources/netbeans/ide/modules/org-netbeans-modules-xml-xam.jar:/Applications/netbeans.app/Contents/Resources/netbeans/ide/modules/org-netbeans-modules-csl-api.jar:/Applications/netbeans.app/Contents/Resources/netbeans/ide/modules/ext/jaxb/activation.jar:/Applications/netbeans.app/Contents/Resources/netbeans/platform/lib/org-openide-modules.jar:/Applications/netbeans.app/Contents/Resources/netbeans/platform/lib/org-openide-util.jar:/Applications/netbeans.app/Contents/Resources/netbeans/platform/lib/org-openide-util-lookup.jar:/Applications/netbeans.app/Contents/Resources/netbeans/platform/modules/org-openide-awt.jar:/Applications/netbeans.app/Contents/Resources/netbeans/platform/modules/org-openide-options.jar:/Applications/netbeans.app/Contents/Resources/netbeans/platform/modules/org-openide-text.jar:/Applications/netbeans.app/Contents/Resources/netbeans/platform/modules/org-openide-loaders.jar:/Applications/netbeans.app/Contents/Resources/netbeans/platform/modules/org-openide-nodes.jar:/Applications/netbeans.app/Contents/Resources/netbeans/platform/modules/org-netbeans-modules-editor-mimelookup.jar:/Applications/netbeans.app/Contents/Resources/netbeans/platform/modules/org-netbeans-modules-editor-mimelookup-impl.jar:/Applications/netbeans.app/Contents/Resources/netbeans/platform/core/org-openide-filesystems.jar:/Applications/netbeans.app/Contents/Resources/netbeans/platform/modules/org-netbeans-modules-keyring.jar:/Applications/netbeans.app/Contents/Resources/netbeans/platform/modules/org-openide-dialogs.jar:/Applications/netbeans.app/Contents/Resources/netbeans/java/ant/lib/ant-launcher.jar:/Applications/netbeans.app/Contents/Resources/netbeans/java/ant/lib/ant.jar:/Applications/netbeans.app/Contents/Resources/netbeans/java/ant/lib/ant-junit.jar:/Applications/netbeans.app/Contents/Resources/netbeans/java/ant/lib/ant-junit4.jar
java.class.version=51.0
java.endorsed.dirs=/Library/Java/JavaVirtualMachines/jdk1.7.0_80.jdk/Contents/Home/jre/lib/endorsed
java.ext.dirs=/Users/ale/Library/Java/Extensions:/Library/Java/JavaVirtualMachines/jdk1.7.0_80.jdk/Contents/Home/jre/lib/ext:/Library/Java/Extensions:/Network/Library/Java/Extensions:/System/Library/Java/Extensions:/usr/lib/java
java.home=/Library/Java/JavaVirtualMachines/jdk1.7.0_80.jdk/Contents/Home/jre
java.io.tmpdir=/var/folders/d4/gfdm2nx50n18z5t5c33t_nsw0000gn/T/
java.library.path=/Users/ale/Library/Java/Extensions:/Library/Java/Extensions:/Network/Library/Java/Extensions:/System/Library/Java/Extensions:/usr/lib/java:.
java.runtime.name=Java(TM) SE Runtime Environment
java.runtime.version=1.7.0_80-b15
java.specification.name=Java Platform API Specification
java.specification.vendor=Oracle Corporation
java.specification.version=1.7
java.vendor=Oracle Corporation
java.vendor.url=http://java.oracle.com/
java.vendor.url.bug=http://bugreport.sun.com/bugreport/
java.version=1.7.0_80
java.vm.info=mixed mode
java.vm.name=Java HotSpot(TM) 64-Bit Server VM
java.vm.specification.name=Java Virtual Machine Specification
java.vm.specification.vendor=Oracle Corporation
java.vm.specification.version=1.7
java.vm.vendor=Oracle Corporation
java.vm.version=24.80-b11
line.separator=

org.netbeans.modules.compapp.catd.context=
os.arch=x86_64
os.name=Mac OS X
os.version=10.12.6
path.separator=:
socksNonProxyHosts=local|*.local|169.254/16|*.169.254/16
sun.arch.data.model=64
sun.boot.class.path=/Library/Java/JavaVirtualMachines/jdk1.7.0_80.jdk/Contents/Home/jre/lib/resources.jar:/Library/Java/JavaVirtualMachines/jdk1.7.0_80.jdk/Contents/Home/jre/lib/rt.jar:/Library/Java/JavaVirtualMachines/jdk1.7.0_80.jdk/Contents/Home/jre/lib/sunrsasign.jar:/Library/Java/JavaVirtualMachines/jdk1.7.0_80.jdk/Contents/Home/jre/lib/jsse.jar:/Library/Java/JavaVirtualMachines/jdk1.7.0_80.jdk/Contents/Home/jre/lib/jce.jar:/Library/Java/JavaVirtualMachines/jdk1.7.0_80.jdk/Contents/Home/jre/lib/charsets.jar:/Library/Java/JavaVirtualMachines/jdk1.7.0_80.jdk/Contents/Home/jre/lib/jfr.jar:/Library/Java/JavaVirtualMachines/jdk1.7.0_80.jdk/Contents/Home/jre/classes
sun.boot.library.path=/Library/Java/JavaVirtualMachines/jdk1.7.0_80.jdk/Contents/Home/jre/lib
sun.cpu.endian=little
sun.cpu.isalist=
sun.io.unicode.encoding=UnicodeBig
sun.java.command=org.apache.tools.ant.taskdefs.optional.junit.JUnitTestRunner org.netbeans.modules.compapp.catd.ConfiguredTest filtertrace=true haltOnError=false haltOnFailure=false showoutput=true outputtoformatters=true logfailedtests=true logtestlistenerevents=true formatter=org.apache.tools.ant.taskdefs.optional.junit.BriefJUnitResultFormatter formatter=org.apache.tools.ant.taskdefs.optional.junit.XMLJUnitResultFormatter,/Users/ale/Documents/Computer Science and Networking/ASE - Advanced Software Engineering/homeworks/hw_03/consegna/WeatherFromIPCA/test/results/TEST-org.netbeans.modules.compapp.catd.ConfiguredTest.xml crashfile=/var/folders/d4/gfdm2nx50n18z5t5c33t_nsw0000gn/T/junitvmwatcher3563345486644765747.properties propsfile=/var/folders/d4/gfdm2nx50n18z5t5c33t_nsw0000gn/T/junit6953955735237980614.properties
sun.java.launcher=SUN_STANDARD
sun.jnu.encoding=UTF-8
sun.management.compiler=HotSpot 64-Bit Tiered Compilers
sun.os.patch.level=unknown
user.country=US
user.country.format=IT
user.dir=/Users/ale/Documents/Computer Science and Networking/ASE - Advanced Software Engineering/homeworks/hw_03/consegna/WeatherFromIPCA
user.home=/Users/ale
user.language=en
user.name=ale
user.timezone=Europe/Rome
Test TestCase1\Concurrent.properties Passed. Threads count Success: <1> Error: <0> Not completed: <0>
]]></system-out>
  <system-err><![CDATA[Oct 23, 2017 8:10:46 PM org.netbeans.modules.editor.settings.storage.keybindings.KeyMapsStorage$KeyMapsReader startElement
WARNING: The keybinding 'A-MOUSE_WHEEL_UP' in Editors/Keybindings/NetBeans/Defaults/org-netbeans-modules-editor-keybindings.xml may not work correctly on Mac. Keybindings starting with Alt or Ctrl should be coded with latin capital letters 'O' or 'D' respectively. For details see org.openide.util.Utilities.stringToKey().
Oct 23, 2017 8:10:46 PM org.netbeans.modules.editor.settings.storage.keybindings.KeyMapsStorage$KeyMapsReader startElement
WARNING: The keybinding 'A-MOUSE_WHEEL_DOWN' in Editors/Keybindings/NetBeans/Defaults/org-netbeans-modules-editor-keybindings.xml may not work correctly on Mac. Keybindings starting with Alt or Ctrl should be coded with latin capital letters 'O' or 'D' respectively. For details see org.openide.util.Utilities.stringToKey().
]]></system-err>
</testsuite>
